<?xml version="1.0" encoding="UTF-8"?>
<testsuite xmlns:xsi="http://www.w3.org/2001/XMLSchema-instance" xsi:noNamespaceSchemaLocation="https://maven.apache.org/surefire/maven-surefire-plugin/xsd/surefire-test-report.xsd" name="de.esentri.javabasics.CryptoServiceTest" time="0.054" tests="8" errors="0" skipped="0" failures="8">
  <properties>
[...]
</properties>
  <testcase name="decryptTest_Snhtqfx" classname="de.esentri.javabasics.CryptoServiceTest" time="0.028">
    <failure message="expected: &lt;Nicolas&gt; but was: &lt;null&gt;" type="org.opentest4j.AssertionFailedError"><![CDATA[org.opentest4j.AssertionFailedError: expected: <Nicolas> but was: <null>
	at de.esentri.javabasics.CryptoServiceTest.decryptTest_Snhtqfx(CryptoServiceTest.java:53)
]]></failure>
    <system-out><![CDATA[

would you like to decrypt your text?
Continue? y/n
java.util.stream.IntPipeline$Head@4ae3c1cdjava.util.stream.IntPipeline$Head@4ae3c1cdjava.util.stream.IntPipeline$Head@4ae3c1cdjava.util.stream.IntPipeline$Head@4ae3c1cdjava.util.stream.IntPipeline$Head@4ae3c1cdjava.util.stream.IntPipeline$Head@4ae3c1cdjava.util.stream.IntPipeline$Head@4ae3c1cdjava.util.stream.IntPipeline$Head@4ae3c1cdjava.util.stream.IntPipeline$Head@4ae3c1cdjava.util.stream.IntPipeline$Head@4ae3c1cdjava.util.stream.IntPipeline$Head@4ae3c1cdjava.util.stream.IntPipeline$Head@4ae3c1cdjava.util.stream.IntPipeline$Head@4ae3c1cdjava.util.stream.IntPipeline$Head@4ae3c1cdjava.util.stream.IntPipeline$Head@4ae3c1cdjava.util.stream.IntPipeline$Head@4ae3c1cdjava.util.stream.IntPipeline$Head@4ae3c1cdjava.util.stream.IntPipeline$Head@4ae3c1cdjava.util.stream.IntPipeline$Head@4ae3c1cdjava.util.stream.IntPipeline$Head@4ae3c1cdjava.util.stream.IntPipeline$Head@4ae3c1cdjava.util.stream.IntPipeline$Head@4ae3c1cdjava.util.stream.IntPipeline$Head@4ae3c1cdjava.util.stream.IntPipeline$Head@4ae3c1cdjava.util.stream.IntPipeline$Head@4ae3c1cdjava.util.stream.IntPipeline$Head@4ae3c1cdjava.util.stream.IntPipeline$Head@4ae3c1cdjava.util.stream.IntPipeline$Head@4ae3c1cdjava.util.stream.IntPipeline$Head@4ae3c1cdjava.util.stream.IntPipeline$Head@4ae3c1cdjava.util.stream.IntPipeline$Head@4ae3c1cdjava.util.stream.IntPipeline$Head@4ae3c1cdjava.util.stream.IntPipeline$Head@4ae3c1cdjava.util.stream.IntPipeline$Head@4ae3c1cdjava.util.stream.IntPipeline$Head@4ae3c1cdjava.util.stream.IntPipeline$Head@4ae3c1cdjava.util.stream.IntPipeline$Head@4ae3c1cdjava.util.stream.IntPipeline$Head@4ae3c1cdjava.util.stream.IntPipeline$Head@4ae3c1cdjava.util.stream.IntPipeline$Head@4ae3c1cdjava.util.stream.IntPipeline$Head@4ae3c1cdjava.util.stream.IntPipeline$Head@4ae3c1cd]]></system-out>
  </testcase>
  <testcase name="encryptTest_zZzzZ" classname="de.esentri.javabasics.CryptoServiceTest" time="0">
    <failure message="expected: &lt;eEeeE&gt; but was: &lt;null&gt;" type="org.opentest4j.AssertionFailedError"><![CDATA[org.opentest4j.AssertionFailedError: expected: <eEeeE> but was: <null>
	at de.esentri.javabasics.CryptoServiceTest.encryptTest_zZzzZ(CryptoServiceTest.java:35)
]]></failure>
    <system-out><![CDATA[Snhtqfx]]></system-out>
  </testcase>
  <testcase name="decryptTest_Satz" classname="de.esentri.javabasics.CryptoServiceTest" time="0.005">
    <failure message="expected: &lt;Ein ganzer Satz, wow!&gt; but was: &lt;null&gt;" type="org.opentest4j.AssertionFailedError"><![CDATA[org.opentest4j.AssertionFailedError: expected: <Ein ganzer Satz, wow!> but was: <null>
	at de.esentri.javabasics.CryptoServiceTest.decryptTest_Satz(CryptoServiceTest.java:80)
]]></failure>
    <system-out><![CDATA[

would you like to decrypt your text?
Continue? y/n
java.util.stream.IntPipeline$Head@3e3047e6java.util.stream.IntPipeline$Head@3e3047e6java.util.stream.IntPipeline$Head@3e3047e6java.util.stream.IntPipeline$Head@3e3047e6java.util.stream.IntPipeline$Head@3e3047e6java.util.stream.IntPipeline$Head@3e3047e6java.util.stream.IntPipeline$Head@3e3047e6java.util.stream.IntPipeline$Head@3e3047e6java.util.stream.IntPipeline$Head@3e3047e6java.util.stream.IntPipeline$Head@3e3047e6java.util.stream.IntPipeline$Head@3e3047e6java.util.stream.IntPipeline$Head@3e3047e6java.util.stream.IntPipeline$Head@3e3047e6java.util.stream.IntPipeline$Head@3e3047e6java.util.stream.IntPipeline$Head@3e3047e6java.util.stream.IntPipeline$Head@3e3047e6java.util.stream.IntPipeline$Head@3e3047e6java.util.stream.IntPipeline$Head@3e3047e6java.util.stream.IntPipeline$Head@3e3047e6java.util.stream.IntPipeline$Head@3e3047e6java.util.stream.IntPipeline$Head@3e3047e6java.util.stream.IntPipeline$Head@3e3047e6java.util.stream.IntPipeline$Head@3e3047e6java.util.stream.IntPipeline$Head@3e3047e6java.util.stream.IntPipeline$Head@3e3047e6java.util.stream.IntPipeline$Head@3e3047e6java.util.stream.IntPipeline$Head@3e3047e6java.util.stream.IntPipeline$Head@3e3047e6java.util.stream.IntPipeline$Head@3e3047e6java.util.stream.IntPipeline$Head@3e3047e6java.util.stream.IntPipeline$Head@3e3047e6java.util.stream.IntPipeline$Head@3e3047e6java.util.stream.IntPipeline$Head@3e3047e6java.util.stream.IntPipeline$Head@3e3047e6java.util.stream.IntPipeline$Head@3e3047e6java.util.stream.IntPipeline$Head@3e3047e6java.util.stream.IntPipeline$Head@3e3047e6java.util.stream.IntPipeline$Head@3e3047e6java.util.stream.IntPipeline$Head@3e3047e6java.util.stream.IntPipeline$Head@3e3047e6java.util.stream.IntPipeline$Head@3e3047e6java.util.stream.IntPipeline$Head@3e3047e6]]></system-out>
  </testcase>
  <testcase name="decryptTest_Y1qq" classname="de.esentri.javabasics.CryptoServiceTest" time="0.011">
    <failure message="expected: &lt;T1ll&gt; but was: &lt;null&gt;" type="org.opentest4j.AssertionFailedError"><![CDATA[org.opentest4j.AssertionFailedError: expected: <T1ll> but was: <null>
	at de.esentri.javabasics.CryptoServiceTest.decryptTest_Y1qq(CryptoServiceTest.java:62)
]]></failure>
    <system-out><![CDATA[

would you like to decrypt your text?
Continue? y/n
java.util.stream.IntPipeline$Head@5db45159java.util.stream.IntPipeline$Head@5db45159java.util.stream.IntPipeline$Head@5db45159java.util.stream.IntPipeline$Head@5db45159java.util.stream.IntPipeline$Head@5db45159java.util.stream.IntPipeline$Head@5db45159java.util.stream.IntPipeline$Head@5db45159java.util.stream.IntPipeline$Head@5db45159java.util.stream.IntPipeline$Head@5db45159java.util.stream.IntPipeline$Head@5db45159java.util.stream.IntPipeline$Head@5db45159java.util.stream.IntPipeline$Head@5db45159java.util.stream.IntPipeline$Head@5db45159java.util.stream.IntPipeline$Head@5db45159java.util.stream.IntPipeline$Head@5db45159java.util.stream.IntPipeline$Head@5db45159java.util.stream.IntPipeline$Head@5db45159java.util.stream.IntPipeline$Head@5db45159java.util.stream.IntPipeline$Head@5db45159java.util.stream.IntPipeline$Head@5db45159java.util.stream.IntPipeline$Head@5db45159java.util.stream.IntPipeline$Head@5db45159java.util.stream.IntPipeline$Head@5db45159java.util.stream.IntPipeline$Head@5db45159java.util.stream.IntPipeline$Head@5db45159java.util.stream.IntPipeline$Head@5db45159java.util.stream.IntPipeline$Head@5db45159java.util.stream.IntPipeline$Head@5db45159java.util.stream.IntPipeline$Head@5db45159java.util.stream.IntPipeline$Head@5db45159java.util.stream.IntPipeline$Head@5db45159java.util.stream.IntPipeline$Head@5db45159java.util.stream.IntPipeline$Head@5db45159java.util.stream.IntPipeline$Head@5db45159java.util.stream.IntPipeline$Head@5db45159java.util.stream.IntPipeline$Head@5db45159java.util.stream.IntPipeline$Head@5db45159java.util.stream.IntPipeline$Head@5db45159java.util.stream.IntPipeline$Head@5db45159java.util.stream.IntPipeline$Head@5db45159java.util.stream.IntPipeline$Head@5db45159java.util.stream.IntPipeline$Head@5db45159]]></system-out>
  </testcase>
  <testcase name="encryptTest_T1ll" classname="de.esentri.javabasics.CryptoServiceTest" time="0">
    <failure message="expected: &lt;Y1qq&gt; but was: &lt;null&gt;" type="org.opentest4j.AssertionFailedError"><![CDATA[org.opentest4j.AssertionFailedError: expected: <Y1qq> but was: <null>
	at de.esentri.javabasics.CryptoServiceTest.encryptTest_T1ll(CryptoServiceTest.java:26)
]]></failure>
    <system-out><![CDATA[Snhtqfx]]></system-out>
  </testcase>
  <testcase name="encryptTest_Satz" classname="de.esentri.javabasics.CryptoServiceTest" time="0">
    <failure message="expected: &lt;Jns lfsejw Xfye, btb!&gt; but was: &lt;null&gt;" type="org.opentest4j.AssertionFailedError"><![CDATA[org.opentest4j.AssertionFailedError: expected: <Jns lfsejw Xfye, btb!> but was: <null>
	at de.esentri.javabasics.CryptoServiceTest.encryptTest_Satz(CryptoServiceTest.java:44)
]]></failure>
    <system-out><![CDATA[Snhtqfx]]></system-out>
  </testcase>
  <testcase name="encryptTest_Nicolas" classname="de.esentri.javabasics.CryptoServiceTest" time="0">
    <failure message="expected: &lt;Snhtqfx&gt; but was: &lt;null&gt;" type="org.opentest4j.AssertionFailedError"><![CDATA[org.opentest4j.AssertionFailedError: expected: <Snhtqfx> but was: <null>
	at de.esentri.javabasics.CryptoServiceTest.encryptTest_Nicolas(CryptoServiceTest.java:17)
]]></failure>
    <system-out><![CDATA[Snhtqfx]]></system-out>
  </testcase>
  <testcase name="decryptTest_eEeeE" classname="de.esentri.javabasics.CryptoServiceTest" time="0.005">
    <failure message="expected: &lt;zZzzZ&gt; but was: &lt;null&gt;" type="org.opentest4j.AssertionFailedError"><![CDATA[org.opentest4j.AssertionFailedError: expected: <zZzzZ> but was: <null>
	at de.esentri.javabasics.CryptoServiceTest.decryptTest_eEeeE(CryptoServiceTest.java:71)
]]></failure>
    <system-out><![CDATA[

would you like to decrypt your text?
Continue? y/n
java.util.stream.IntPipeline$Head@45dd4edajava.util.stream.IntPipeline$Head@45dd4edajava.util.stream.IntPipeline$Head@45dd4edajava.util.stream.IntPipeline$Head@45dd4edajava.util.stream.IntPipeline$Head@45dd4edajava.util.stream.IntPipeline$Head@45dd4edajava.util.stream.IntPipeline$Head@45dd4edajava.util.stream.IntPipeline$Head@45dd4edajava.util.stream.IntPipeline$Head@45dd4edajava.util.stream.IntPipeline$Head@45dd4edajava.util.stream.IntPipeline$Head@45dd4edajava.util.stream.IntPipeline$Head@45dd4edajava.util.stream.IntPipeline$Head@45dd4edajava.util.stream.IntPipeline$Head@45dd4edajava.util.stream.IntPipeline$Head@45dd4edajava.util.stream.IntPipeline$Head@45dd4edajava.util.stream.IntPipeline$Head@45dd4edajava.util.stream.IntPipeline$Head@45dd4edajava.util.stream.IntPipeline$Head@45dd4edajava.util.stream.IntPipeline$Head@45dd4edajava.util.stream.IntPipeline$Head@45dd4edajava.util.stream.IntPipeline$Head@45dd4edajava.util.stream.IntPipeline$Head@45dd4edajava.util.stream.IntPipeline$Head@45dd4edajava.util.stream.IntPipeline$Head@45dd4edajava.util.stream.IntPipeline$Head@45dd4edajava.util.stream.IntPipeline$Head@45dd4edajava.util.stream.IntPipeline$Head@45dd4edajava.util.stream.IntPipeline$Head@45dd4edajava.util.stream.IntPipeline$Head@45dd4edajava.util.stream.IntPipeline$Head@45dd4edajava.util.stream.IntPipeline$Head@45dd4edajava.util.stream.IntPipeline$Head@45dd4edajava.util.stream.IntPipeline$Head@45dd4edajava.util.stream.IntPipeline$Head@45dd4edajava.util.stream.IntPipeline$Head@45dd4edajava.util.stream.IntPipeline$Head@45dd4edajava.util.stream.IntPipeline$Head@45dd4edajava.util.stream.IntPipeline$Head@45dd4edajava.util.stream.IntPipeline$Head@45dd4edajava.util.stream.IntPipeline$Head@45dd4edajava.util.stream.IntPipeline$Head@45dd4eda]]></system-out>
  </testcase>
</testsuite>